<?xml version="1.0" encoding="UTF-8"?>
<!-- Generated by org.testng.reporters.JUnitReportReporter -->
<testsuite hostname="DESKTOP-FQ85KJ8" failures="0" tests="1" name="com.SauceDemo.TestPackage.TC01_verifyLoginFunctionality" time="0.848" errors="0" timestamp="2023-01-03T22:29:44 IST" skipped="0">
  <testcase classname="com.SauceDemo.TestPackage.TC01_verifyLoginFunctionality" name="verify_loginFunctionality" time="0.848"/>
  <system-out/>
</testsuite> <!-- com.SauceDemo.TestPackage.TC01_verifyLoginFunctionality -->
