<?xml version="1.0" encoding="UTF-8"?>
<!-- Generated by org.testng.reporters.JUnitReportReporter -->
<testsuite hostname="DESKTOP-FQ85KJ8" failures="0" tests="1" name="com.SauceDemo.TestPackage.TC03_VerifyAddToCartFunctionality" time="0.996" errors="0" timestamp="2023-01-03T22:29:44 IST" skipped="0">
  <testcase classname="com.SauceDemo.TestPackage.TC03_VerifyAddToCartFunctionality" name="verifyAllproduct" time="0.996"/>
  <system-out/>
</testsuite> <!-- com.SauceDemo.TestPackage.TC03_VerifyAddToCartFunctionality -->
